c:\users\paul\desktop\year4-project\year4project\year4project\debug\vc142.pdb
c:\users\paul\desktop\year4-project\year4project\year4project\debug\vc142.idb
c:\users\paul\desktop\year4-project\year4project\year4project\debug\town.obj
c:\users\paul\desktop\year4-project\year4project\year4project\debug\road.obj
c:\users\paul\desktop\year4-project\year4project\year4project\debug\map.obj
c:\users\paul\desktop\year4-project\year4project\year4project\debug\main.obj
c:\users\paul\desktop\year4-project\year4project\year4project\debug\game.obj
c:\users\paul\desktop\year4-project\year4project\year4project\debug\car.obj
c:\users\paul\desktop\year4-project\year4project\year4project\debug\loadmap.obj
c:\users\paul\desktop\year4-project\year4project\year4project\debug\tiles.obj
c:\users\paul\desktop\year4-project\year4project\year4project\debug\menu.obj
c:\users\paul\desktop\year4-project\year4project\debug\year4project.exe
c:\users\paul\desktop\year4-project\year4project\debug\year4project.ilk
c:\users\paul\desktop\year4-project\year4project\debug\year4project.pdb
c:\users\paul\desktop\year4-project\year4project\year4project\debug\map.new.obj.enc
c:\users\paul\desktop\year4-project\year4project\year4project\debug\year4project.tlog\cl.command.1.tlog
c:\users\paul\desktop\year4-project\year4project\year4project\debug\year4project.tlog\cl.read.1.tlog
c:\users\paul\desktop\year4-project\year4project\year4project\debug\year4project.tlog\cl.write.1.tlog
c:\users\paul\desktop\year4-project\year4project\year4project\debug\year4project.tlog\link.command.1.tlog
c:\users\paul\desktop\year4-project\year4project\year4project\debug\year4project.tlog\link.read.1.tlog
c:\users\paul\desktop\year4-project\year4project\year4project\debug\year4project.tlog\link.write.1.tlog
